2025-10-24 00:51:50,037 - src.ui.tray_icon - INFO - Showing system tray icon.
2025-10-24 00:58:55,296 - src.ui.tray_icon - DEBUG - Initializing TrayIcon...
2025-10-24 00:58:55,298 - src.ui.tray_icon - DEBUG - Creating tray context menu...
2025-10-24 00:58:55,299 - src.ui.tray_icon - DEBUG - Added 'Show Window' action.
2025-10-24 00:58:55,299 - src.ui.tray_icon - DEBUG - Added 'Start Recording' action.
2025-10-24 00:58:55,299 - src.ui.tray_icon - DEBUG - Added 'Stop Recording' action.
2025-10-24 00:58:55,299 - src.ui.tray_icon - DEBUG - Added 'Run Last Workflow' action.
2025-10-24 00:58:55,299 - src.ui.tray_icon - DEBUG - Added 'Settings' action.
2025-10-24 00:58:55,299 - src.ui.tray_icon - DEBUG - Added 'About' action.
2025-10-24 00:58:55,299 - src.ui.tray_icon - DEBUG - Added 'Quit' action.
2025-10-24 00:58:55,299 - src.ui.tray_icon - DEBUG - Tray context menu created and set.
2025-10-24 00:58:55,300 - src.ui.tray_icon - DEBUG - TrayIcon initialized successfully.
2025-10-24 00:58:55,300 - src.ui.tray_icon - INFO - Showing system tray icon.
2025-10-24 01:00:02,019 - src.ui.tray_icon - DEBUG - Set recording state: True
2025-10-24 01:00:05,843 - src.ui.tray_icon - DEBUG - Set recording state: False
2025-10-24 01:03:52,198 - src.ui.tray_icon - DEBUG - Initializing TrayIcon...
2025-10-24 01:03:52,201 - src.ui.tray_icon - DEBUG - TrayIcon initialized successfully.
2025-10-24 01:03:52,201 - src.ui.tray_icon - INFO - Showing system tray icon.
2025-10-24 01:03:54,534 - src.ui.tray_icon - DEBUG - Tray icon right-clicked, dynamically building menu.
2025-10-24 01:04:03,172 - src.ui.tray_icon - DEBUG - Tray icon right-clicked, dynamically building menu.
2025-10-24 01:04:04,996 - src.ui.tray_icon - DEBUG - Tray icon right-clicked, dynamically building menu.
2025-10-24 01:04:09,070 - src.ui.tray_icon - DEBUG - Tray icon right-clicked, dynamically building menu.
2025-10-24 01:04:22,079 - src.ui.tray_icon - DEBUG - Tray icon right-clicked, dynamically building menu.
2025-10-24 01:04:26,693 - src.ui.tray_icon - DEBUG - Tray icon right-clicked, dynamically building menu.
2025-10-24 01:04:29,957 - src.ui.tray_icon - DEBUG - Tray icon right-clicked, dynamically building menu.
2025-10-24 01:04:35,991 - src.ui.tray_icon - DEBUG - Tray icon right-clicked, dynamically building menu.
2025-10-24 01:04:40,581 - src.ui.tray_icon - DEBUG - Initializing TrayIcon...
2025-10-24 01:04:40,583 - src.ui.tray_icon - DEBUG - TrayIcon initialized successfully.
2025-10-24 01:04:40,583 - src.ui.tray_icon - INFO - Showing system tray icon.
2025-10-24 01:04:42,995 - src.ui.tray_icon - DEBUG - Tray icon right-clicked, dynamically building menu.
2025-10-24 01:04:46,175 - src.ui.tray_icon - DEBUG - Tray icon right-clicked, dynamically building menu.
2025-10-24 01:04:48,587 - src.ui.tray_icon - DEBUG - Tray icon right-clicked, dynamically building menu.
2025-10-24 01:04:54,546 - src.ui.tray_icon - DEBUG - Tray icon right-clicked, dynamically building menu.
2025-10-24 01:05:29,013 - src.ui.tray_icon - DEBUG - Tray icon right-clicked, dynamically building menu.
2025-10-24 01:05:34,315 - src.ui.tray_icon - DEBUG - Tray icon right-clicked, dynamically building menu.
2025-10-24 01:05:35,579 - src.ui.tray_icon - DEBUG - Set recording state: True
2025-10-24 01:05:37,222 - src.ui.tray_icon - DEBUG - Tray icon right-clicked, dynamically building menu.
2025-10-24 01:05:40,245 - src.ui.tray_icon - DEBUG - Set recording state: False
